<?xml version="1.0" encoding="UTF-8"?>
<!-- Generated by org.testng.reporters.JUnitReportReporter -->
<testsuite hostname="user1" failures="0" tests="1" name="testScripts.ConduitTest" time="0.870" errors="0" timestamp="2025-04-09T13:49:17 IST" skipped="0">
  <testcase classname="testScripts.ConduitTest" name="newArticleTest" time="0.870"/>
</testsuite> <!-- testScripts.ConduitTest -->
